Started GET "/" for 127.0.0.1 at 2017-08-05 19:37:10 -0400
Processing by StaticPagesController#index as HTML
  Rendering static_pages/index.html.erb within layouts/application
  Rendered static_pages/index.html.erb within layouts/application (4.1ms)
Completed 500 Internal Server Error in 982ms (ActiveRecord: 0.0ms)


  
ActionView::Template::Error (Missing partial layouts/_messages with {:locale=>[:en], :formats=>[:html], :variants=>[], :handlers=>[:raw, :erb, :html, :builder, :ruby, :coffee, :jbuilder]}. Searched in:
  * "/Users/thomas/Documents/projects/peanuts2/app/views"
  * "/Users/thomas/.rvm/gems/ruby-2.3.3/gems/devise-4.3.0/app/views"
):
     9:   </head>
    10: 
    11:   <body>
    12:   	<%= render 'layouts/messages' %>
    13:     <%= yield %>
    14:   </body>
    15: </html>
  
app/views/layouts/application.html.erb:12:in `_app_views_layouts_application_html_erb__945419649717894869_70307164919040'
  Rendering /Users/thomas/.rvm/gems/ruby-2.3.3/gems/actionpack-5.0.3/lib/action_dispatch/middleware/templates/rescues/template_error.html.erb within rescues/layout
  Rendering /Users/thomas/.rvm/gems/ruby-2.3.3/gems/actionpack-5.0.3/lib/action_dispatch/middleware/templates/rescues/_source.html.erb
  Rendered /Users/thomas/.rvm/gems/ruby-2.3.3/gems/actionpack-5.0.3/lib/action_dispatch/middleware/templates/rescues/_source.html.erb (12.7ms)
  Rendering /Users/thomas/.rvm/gems/ruby-2.3.3/gems/actionpack-5.0.3/lib/action_dispatch/middleware/templates/rescues/_trace.html.erb
  Rendered /Users/thomas/.rvm/gems/ruby-2.3.3/gems/actionpack-5.0.3/lib/action_dispatch/middleware/templates/rescues/_trace.html.erb (5.8ms)
  Rendering /Users/thomas/.rvm/gems/ruby-2.3.3/gems/actionpack-5.0.3/lib/action_dispatch/middleware/templates/rescues/_request_and_response.html.erb
  Rendered /Users/thomas/.rvm/gems/ruby-2.3.3/gems/actionpack-5.0.3/lib/action_dispatch/middleware/templates/rescues/_request_and_response.html.erb (2.0ms)
  Rendered /Users/thomas/.rvm/gems/ruby-2.3.3/gems/actionpack-5.0.3/lib/action_dispatch/middleware/templates/rescues/template_error.html.erb within rescues/layout (219.9ms)
Started GET "/" for 127.0.0.1 at 2017-08-05 19:37:55 -0400
Processing by StaticPagesController#index as HTML
  Rendering static_pages/index.html.erb within layouts/application
  Rendered static_pages/index.html.erb within layouts/application (0.7ms)
Completed 500 Internal Server Error in 60ms (ActiveRecord: 0.0ms)


  
ActionView::Template::Error (Missing partial layouts/_messages with {:locale=>[:en], :formats=>[:html], :variants=>[], :handlers=>[:raw, :erb, :html, :builder, :ruby, :coffee, :jbuilder]}. Searched in:
  * "/Users/thomas/Documents/projects/peanuts2/app/views"
  * "/Users/thomas/.rvm/gems/ruby-2.3.3/gems/devise-4.3.0/app/views"
):
     9:   </head>
    10: 
    11:   <body>
    12:   	<%= render 'layouts/messages' %>
    13:     <%= yield %>
    14:   </body>
    15: </html>
  
app/views/layouts/application.html.erb:12:in `_app_views_layouts_application_html_erb__945419649717894869_70307191704060'
  Rendering /Users/thomas/.rvm/gems/ruby-2.3.3/gems/actionpack-5.0.3/lib/action_dispatch/middleware/templates/rescues/template_error.html.erb within rescues/layout
  Rendering /Users/thomas/.rvm/gems/ruby-2.3.3/gems/actionpack-5.0.3/lib/action_dispatch/middleware/templates/rescues/_source.html.erb
  Rendered /Users/thomas/.rvm/gems/ruby-2.3.3/gems/actionpack-5.0.3/lib/action_dispatch/middleware/templates/rescues/_source.html.erb (8.6ms)
  Rendering /Users/thomas/.rvm/gems/ruby-2.3.3/gems/actionpack-5.0.3/lib/action_dispatch/middleware/templates/rescues/_trace.html.erb
  Rendered /Users/thomas/.rvm/gems/ruby-2.3.3/gems/actionpack-5.0.3/lib/action_dispatch/middleware/templates/rescues/_trace.html.erb (3.9ms)
  Rendering /Users/thomas/.rvm/gems/ruby-2.3.3/gems/actionpack-5.0.3/lib/action_dispatch/middleware/templates/rescues/_request_and_response.html.erb
  Rendered /Users/thomas/.rvm/gems/ruby-2.3.3/gems/actionpack-5.0.3/lib/action_dispatch/middleware/templates/rescues/_request_and_response.html.erb (1.6ms)
  Rendered /Users/thomas/.rvm/gems/ruby-2.3.3/gems/actionpack-5.0.3/lib/action_dispatch/middleware/templates/rescues/template_error.html.erb within rescues/layout (216.8ms)
Started GET "/" for 127.0.0.1 at 2017-08-05 19:38:02 -0400
Processing by StaticPagesController#index as HTML
  Rendering static_pages/index.html.erb within layouts/application
  Rendered static_pages/index.html.erb within layouts/application (0.7ms)
Completed 500 Internal Server Error in 68ms (ActiveRecord: 0.0ms)


  
ActionView::Template::Error (Missing partial layouts/_messages with {:locale=>[:en], :formats=>[:html], :variants=>[], :handlers=>[:raw, :erb, :html, :builder, :ruby, :coffee, :jbuilder]}. Searched in:
  * "/Users/thomas/Documents/projects/peanuts2/app/views"
  * "/Users/thomas/.rvm/gems/ruby-2.3.3/gems/devise-4.3.0/app/views"
):
     9:   </head>
    10: 
    11:   <body>
    12:   	<%= render 'layouts/messages' %>
    13:     <%= yield %>
    14:   </body>
    15: </html>
  
app/views/layouts/application.html.erb:12:in `_app_views_layouts_application_html_erb__945419649717894869_70307163832900'
  Rendering /Users/thomas/.rvm/gems/ruby-2.3.3/gems/actionpack-5.0.3/lib/action_dispatch/middleware/templates/rescues/template_error.html.erb within rescues/layout
  Rendering /Users/thomas/.rvm/gems/ruby-2.3.3/gems/actionpack-5.0.3/lib/action_dispatch/middleware/templates/rescues/_source.html.erb
  Rendered /Users/thomas/.rvm/gems/ruby-2.3.3/gems/actionpack-5.0.3/lib/action_dispatch/middleware/templates/rescues/_source.html.erb (9.3ms)
  Rendering /Users/thomas/.rvm/gems/ruby-2.3.3/gems/actionpack-5.0.3/lib/action_dispatch/middleware/templates/rescues/_trace.html.erb
  Rendered /Users/thomas/.rvm/gems/ruby-2.3.3/gems/actionpack-5.0.3/lib/action_dispatch/middleware/templates/rescues/_trace.html.erb (3.5ms)
  Rendering /Users/thomas/.rvm/gems/ruby-2.3.3/gems/actionpack-5.0.3/lib/action_dispatch/middleware/templates/rescues/_request_and_response.html.erb
  Rendered /Users/thomas/.rvm/gems/ruby-2.3.3/gems/actionpack-5.0.3/lib/action_dispatch/middleware/templates/rescues/_request_and_response.html.erb (1.5ms)
  Rendered /Users/thomas/.rvm/gems/ruby-2.3.3/gems/actionpack-5.0.3/lib/action_dispatch/middleware/templates/rescues/template_error.html.erb within rescues/layout (302.2ms)
Started GET "/" for 127.0.0.1 at 2017-08-05 19:38:25 -0400
Processing by StaticPagesController#index as HTML
  Rendering static_pages/index.html.erb within layouts/application
  Rendered static_pages/index.html.erb within layouts/application (0.6ms)
  Rendered layouts/_messages.html.erb (1.3ms)
Completed 200 OK in 54ms (Views: 49.7ms | ActiveRecord: 0.0ms)


  [1m[35m (42.5ms)[0m  [1m[35mCREATE TABLE "schema_migrations" ("version" character varying PRIMARY KEY)[0m
  [1m[35m (6.3ms)[0m  [1m[35mCREATE TABLE "ar_internal_metadata" ("key" character varying PRIMARY KEY, "value" character varying, "created_at" timestamp NOT NULL, "updated_at" timestamp NOT NULL)[0m
  [1m[35m (1.1ms)[0m  [1m[34mSELECT pg_try_advisory_lock(5056185435943557615);[0m
  [1m[36mActiveRecord::SchemaMigration Load (1.1ms)[0m  [1m[34mSELECT "schema_migrations".* FROM "schema_migrations"[0m
Migrating to DeviseCreateUsers (20170805233944)
  [1m[35m (0.2ms)[0m  [1m[35mBEGIN[0m
  [1m[35m (16.5ms)[0m  [1m[35mCREATE TABLE "users" ("id" serial primary key, "email" character varying DEFAULT '' NOT NULL, "encrypted_password" character varying DEFAULT '' NOT NULL, "reset_password_token" character varying, "reset_password_sent_at" timestamp, "remember_created_at" timestamp, "sign_in_count" integer DEFAULT 0 NOT NULL, "current_sign_in_at" timestamp, "last_sign_in_at" timestamp, "current_sign_in_ip" inet, "last_sign_in_ip" inet, "created_at" timestamp NOT NULL, "updated_at" timestamp NOT NULL)[0m
  [1m[35m (1.4ms)[0m  [1m[35mCREATE UNIQUE INDEX  "index_users_on_email" ON "users"  ("email")[0m
  [1m[35m (1.3ms)[0m  [1m[35mCREATE UNIQUE INDEX  "index_users_on_reset_password_token" ON "users"  ("reset_password_token")[0m
  [1m[35mSQL (2.6ms)[0m  [1m[32mINSERT INTO "schema_migrations" ("version") VALUES ($1) RETURNING "version"[0m  [["version", "20170805233944"]]
  [1m[35m (0.6ms)[0m  [1m[35mCOMMIT[0m
  [1m[36mActiveRecord::InternalMetadata Load (1.3ms)[0m  [1m[34mSELECT  "ar_internal_metadata".* FROM "ar_internal_metadata" WHERE "ar_internal_metadata"."key" = $1 LIMIT $2[0m  [["key", "environment"], ["LIMIT", 1]]
  [1m[35m (0.1ms)[0m  [1m[35mBEGIN[0m
  [1m[35mSQL (2.6ms)[0m  [1m[32mINSERT INTO "ar_internal_metadata" ("key", "value", "created_at", "updated_at") VALUES ($1, $2, $3, $4) RETURNING "key"[0m  [["key", "environment"], ["value", "development"], ["created_at", "2017-08-05 23:41:59.886038"], ["updated_at", "2017-08-05 23:41:59.886038"]]
  [1m[35m (0.3ms)[0m  [1m[35mCOMMIT[0m
  [1m[35m (0.3ms)[0m  [1m[34mSELECT pg_advisory_unlock(5056185435943557615)[0m
  [1m[36mActiveRecord::SchemaMigration Load (0.7ms)[0m  [1m[34mSELECT "schema_migrations".* FROM "schema_migrations"[0m
  [1m[36mActiveRecord::SchemaMigration Load (0.9ms)[0m  [1m[34mSELECT "schema_migrations".* FROM "schema_migrations"[0m
  [1m[36mActiveRecord::SchemaMigration Load (0.9ms)[0m  [1m[34mSELECT "schema_migrations".* FROM "schema_migrations"[0m
  [1m[36mActiveRecord::SchemaMigration Load (0.9ms)[0m  [1m[34mSELECT "schema_migrations".* FROM "schema_migrations"[0m
